<?xml version="1.0" encoding="UTF-8"?>
<!-- Generated by org.testng.reporters.JUnitReportReporter -->
<testsuite hostname="DESKTOP-UM93NGQ" failures="0" tests="2" name="TestNG.NewTest" time="0.004" errors="0" timestamp="2022-10-05T19:27:38 EDT" skipped="0">
  <testcase classname="TestNG.NewTest" name="Test6" time="0.003"/>
  <system-out/>
  <testcase classname="TestNG.NewTest" name="f" time="0.001"/>
  <system-out/>
</testsuite> <!-- TestNG.NewTest -->
