<?xml version="1.0" encoding="UTF-8"?>
<!-- Generated by org.testng.reporters.JUnitReportReporter -->
<testsuite hostname="DESKTOP-UM93NGQ" failures="0" tests="2" name="TestNG.NewTestSession" time="20.338" errors="0" timestamp="2022-11-04T13:15:44 EDT" skipped="0">
  <testcase classname="TestNG.NewTestSession" name="f" time="10.134"/>
  <system-out/>
  <testcase classname="TestNG.NewTestSession" name="f" time="10.204"/>
  <system-out/>
</testsuite> <!-- TestNG.NewTestSession -->
